<?xml version="1.0" encoding="UTF-8"?>
<!-- Generated by org.testng.reporters.JUnitReportReporter -->
<testsuite skipped="0" hostname="GANESH-PC" name="POM.PageLibrary.RanfordBank.TestExecution2" tests="8" failures="0" timestamp="04 Oct 2018 14:36:12 GMT" time="38.544" errors="0">
  <testcase name="verify_login" time="3.651" classname="POM.PageLibrary.RanfordBank.TestExecution2"/>
  <testcase name="rolesButtonclick" time="1.405" classname="POM.PageLibrary.RanfordBank.TestExecution2"/>
  <testcase name="verify_rolesdetails" time="3.269" classname="POM.PageLibrary.RanfordBank.TestExecution2"/>
  <testcase name="verify_rolesdetails" time="2.436" classname="POM.PageLibrary.RanfordBank.TestExecution2"/>
  <testcase name="verify_rolesdetails" time="2.213" classname="POM.PageLibrary.RanfordBank.TestExecution2"/>
  <testcase name="verify_rolesdetails" time="2.385" classname="POM.PageLibrary.RanfordBank.TestExecution2"/>
  <testcase name="verify_rolesdetails" time="2.207" classname="POM.PageLibrary.RanfordBank.TestExecution2"/>
  <testcase name="roleSearch" time="20.978" classname="POM.PageLibrary.RanfordBank.TestExecution2"/>
</testsuite> <!-- POM.PageLibrary.RanfordBank.TestExecution2 -->
