<?xml version="1.0" encoding="UTF-8"?>
<!-- Generated by org.testng.reporters.JUnitReportReporter -->
<testsuite skipped="0" hostname="GANESH-PC" name="POM.PageLibrary.RanfordBank.TestExecution" tests="7" failures="0" timestamp="09 Oct 2018 04:10:28 GMT" time="41.746" errors="0">
  <testcase name="verifylaunchBrowser" time="12.631" classname="POM.PageLibrary.RanfordBank.TestExecution"/>
  <testcase name="verify_login" time="3.911" classname="POM.PageLibrary.RanfordBank.TestExecution"/>
  <testcase name="branchesButtonclick" time="1.173" classname="POM.PageLibrary.RanfordBank.TestExecution"/>
  <testcase name="verify_branchDetails" time="3.883" classname="POM.PageLibrary.RanfordBank.TestExecution"/>
  <testcase name="verify_branchDetails" time="9.304" classname="POM.PageLibrary.RanfordBank.TestExecution"/>
  <testcase name="verify_branchDetails" time="8.828" classname="POM.PageLibrary.RanfordBank.TestExecution"/>
  <testcase name="branch_search" time="2.016" classname="POM.PageLibrary.RanfordBank.TestExecution"/>
</testsuite> <!-- POM.PageLibrary.RanfordBank.TestExecution -->
